<?xml version="1.0" encoding="UTF-8"?>
<!-- Generated by org.testng.reporters.JUnitXMLReporter -->
<testsuite ignored="6" hostname="Bhavani" failures="0" tests="4" name="Test" time="128.584" errors="0" timestamp="2025-12-01T10:29:26 IST">
  <testcase classname="com.test.LoginTest" name="Login" time="0.449"/>
  <testcase classname="IndividualFlows.TCHBatchTest" name="Batchcreation" time="4.042"/>
  <testcase classname="IndividualFlows.Reports_AdministrationRequestTCH" name="AdministrationRequest_TCH" time="53.366"/>
  <testcase classname="IndividualFlows.TCH_ExecutionsSummary" name="TCHBatchExecutionSummaryResults" time="70.671"/>
  <testcase classname="base.BaseClass" name="@AfterSuite tearDown" time="0.0">
    <ignored/>
  </testcase> <!-- @AfterSuite tearDown -->
  <testcase classname="base.BaseClass" name="@AfterSuite tearDown" time="0.0">
    <ignored/>
  </testcase> <!-- @AfterSuite tearDown -->
  <testcase classname="base.BaseClass" name="@BeforeSuite setup" time="0.0">
    <ignored/>
  </testcase> <!-- @BeforeSuite setup -->
  <testcase classname="base.BaseClass" name="@AfterSuite tearDown" time="0.0">
    <ignored/>
  </testcase> <!-- @AfterSuite tearDown -->
  <testcase classname="base.BaseClass" name="@BeforeSuite setup" time="0.0">
    <ignored/>
  </testcase> <!-- @BeforeSuite setup -->
  <testcase classname="base.BaseClass" name="@BeforeSuite setup" time="0.0">
    <ignored/>
  </testcase> <!-- @BeforeSuite setup -->
</testsuite> <!-- Test -->
