<?xml version="1.0" encoding="UTF-8"?>
<testng-results ignored="0" total="4" passed="4" failed="0" skipped="0">
  <reporter-output>
  </reporter-output>
  <suite started-at="2025-12-16T10:41:40 IST" name="Suite" finished-at="2025-12-16T10:43:46 IST" duration-ms="126423">
    <groups>
    </groups>
    <test started-at="2025-12-16T10:41:40 IST" name="Test" finished-at="2025-12-16T10:43:46 IST" duration-ms="126423">
      <class name="IndividualFlows.Reports_AdministrationRequestTCH">
        <test-method signature="AdministrationRequest_TCH()[pri:0, instance:IndividualFlows.Reports_AdministrationRequestTCH@71687585]" started-at="2025-12-16T10:41:46 IST" name="AdministrationRequest_TCH" finished-at="2025-12-16T10:42:39 IST" duration-ms="52650" status="PASS">
          <reporter-output>
          </reporter-output>
        </test-method> <!-- AdministrationRequest_TCH -->
      </class> <!-- IndividualFlows.Reports_AdministrationRequestTCH -->
      <class name="IndividualFlows.TCH_ExecutionsSummary">
        <test-method signature="TCHBatchExecutionSummaryResults()[pri:0, instance:IndividualFlows.TCH_ExecutionsSummary@1807f5a7]" started-at="2025-12-16T10:42:39 IST" name="TCHBatchExecutionSummaryResults" finished-at="2025-12-16T10:43:46 IST" duration-ms="67617" status="PASS">
          <reporter-output>
          </reporter-output>
        </test-method> <!-- TCHBatchExecutionSummaryResults -->
      </class> <!-- IndividualFlows.TCH_ExecutionsSummary -->
      <class name="IndividualFlows.TCHBatchTest">
        <test-method signature="Batchcreation()[pri:0, instance:IndividualFlows.TCHBatchTest@5276d6ee]" started-at="2025-12-16T10:41:41 IST" name="Batchcreation" finished-at="2025-12-16T10:41:46 IST" duration-ms="5469" status="PASS">
          <reporter-output>
          </reporter-output>
        </test-method> <!-- Batchcreation -->
      </class> <!-- IndividualFlows.TCHBatchTest -->
      <class name="com.test.LoginTest">
        <test-method is-config="true" signature="setup()[pri:0, instance:com.test.LoginTest@7eecb5b8]" started-at="2025-12-16T10:41:32 IST" name="setup" finished-at="2025-12-16T10:41:40 IST" duration-ms="7679" status="PASS">
          <reporter-output>
          </reporter-output>
        </test-method> <!-- setup -->
        <test-method signature="Login()[pri:0, instance:com.test.LoginTest@7eecb5b8]" started-at="2025-12-16T10:41:40 IST" name="Login" finished-at="2025-12-16T10:41:41 IST" duration-ms="622" status="PASS">
          <reporter-output>
          </reporter-output>
        </test-method> <!-- Login -->
        <test-method is-config="true" signature="tearDown()[pri:0, instance:com.test.LoginTest@7eecb5b8]" started-at="2025-12-16T10:43:46 IST" name="tearDown" finished-at="2025-12-16T10:43:49 IST" duration-ms="2623" status="PASS">
          <reporter-output>
          </reporter-output>
        </test-method> <!-- tearDown -->
      </class> <!-- com.test.LoginTest -->
    </test> <!-- Test -->
  </suite> <!-- Suite -->
</testng-results>
