<?xml version="1.0" encoding="UTF-8"?>
<testng-results ignored="0" total="4" passed="4" failed="0" skipped="0">
  <reporter-output>
  </reporter-output>
  <suite started-at="2025-11-20T11:47:49 IST" name="Suite" finished-at="2025-11-20T11:49:51 IST" duration-ms="121919">
    <groups>
    </groups>
    <test started-at="2025-11-20T11:47:49 IST" name="Test" finished-at="2025-11-20T11:49:51 IST" duration-ms="121919">
      <class name="IndividualFlows.Reports_AdministrationRequestTCH">
        <test-method signature="AdministrationRequest_TCH()[pri:0, instance:IndividualFlows.Reports_AdministrationRequestTCH@71687585]" started-at="2025-11-20T11:47:54 IST" name="AdministrationRequest_TCH" finished-at="2025-11-20T11:48:43 IST" duration-ms="49278" status="PASS">
          <reporter-output>
          </reporter-output>
        </test-method> <!-- AdministrationRequest_TCH -->
      </class> <!-- IndividualFlows.Reports_AdministrationRequestTCH -->
      <class name="IndividualFlows.TCH_ExecutionsSummary">
        <test-method signature="TCHBatchExecutionSummaryResults()[pri:0, instance:IndividualFlows.TCH_ExecutionsSummary@1807f5a7]" started-at="2025-11-20T11:48:43 IST" name="TCHBatchExecutionSummaryResults" finished-at="2025-11-20T11:49:51 IST" duration-ms="67556" status="PASS">
          <reporter-output>
          </reporter-output>
        </test-method> <!-- TCHBatchExecutionSummaryResults -->
      </class> <!-- IndividualFlows.TCH_ExecutionsSummary -->
      <class name="IndividualFlows.TCHBatchTest">
        <test-method signature="Batchcreation()[pri:0, instance:IndividualFlows.TCHBatchTest@5276d6ee]" started-at="2025-11-20T11:47:49 IST" name="Batchcreation" finished-at="2025-11-20T11:47:54 IST" duration-ms="4788" status="PASS">
          <reporter-output>
          </reporter-output>
        </test-method> <!-- Batchcreation -->
      </class> <!-- IndividualFlows.TCHBatchTest -->
      <class name="com.test.LoginTest">
        <test-method is-config="true" signature="setup()[pri:0, instance:com.test.LoginTest@7eecb5b8]" started-at="2025-11-20T11:47:30 IST" name="setup" finished-at="2025-11-20T11:47:49 IST" duration-ms="18889" status="PASS">
          <reporter-output>
          </reporter-output>
        </test-method> <!-- setup -->
        <test-method signature="Login()[pri:0, instance:com.test.LoginTest@7eecb5b8]" started-at="2025-11-20T11:47:49 IST" name="Login" finished-at="2025-11-20T11:47:49 IST" duration-ms="258" status="PASS">
          <reporter-output>
          </reporter-output>
        </test-method> <!-- Login -->
        <test-method is-config="true" signature="tearDown()[pri:0, instance:com.test.LoginTest@7eecb5b8]" started-at="2025-11-20T11:49:51 IST" name="tearDown" finished-at="2025-11-20T11:49:52 IST" duration-ms="1832" status="PASS">
          <reporter-output>
          </reporter-output>
        </test-method> <!-- tearDown -->
      </class> <!-- com.test.LoginTest -->
    </test> <!-- Test -->
  </suite> <!-- Suite -->
</testng-results>
